<?xml version="1.0" encoding="UTF-8"?>
<!-- Generated by org.testng.reporters.JUnitReportReporter -->
<testsuite hostname="Poojas-MacBook-Air.local" failures="0" tests="1" name="com.qa.gorest.Tests.GetUserTest" time="3.907" errors="0" timestamp="2024-07-31T22:39:48 IST" skipped="0">
  <testcase classname="com.qa.gorest.Tests.GetUserTest" name="getUser" time="3.907"/>
</testsuite> <!-- com.qa.gorest.Tests.GetUserTest -->
