<?xml version="1.0" encoding="UTF-8"?>
<!-- Generated by org.testng.reporters.JUnitReportReporter -->
<testsuite hostname="Poojas-MacBook-Air.local" failures="0" tests="1" name="Hello.testClass" time="0.020" errors="0" timestamp="2024-07-31T14:44:38 IST" skipped="0">
  <testcase classname="Hello.testClass" name="hello" time="0.020"/>
</testsuite> <!-- Hello.testClass -->
