<?xml version="1.0" encoding="UTF-8"?>
<!-- Generated by org.testng.reporters.JUnitReportReporter -->
<testsuite hostname="Poojas-MacBook-Air.local" failures="0" tests="1" name="com.qa.gorest.Tests.CreateUserTest" time="4.115" errors="0" timestamp="2024-07-31T22:39:16 IST" skipped="0">
  <testcase classname="com.qa.gorest.Tests.CreateUserTest" name="allUserTest" time="4.115"/>
</testsuite> <!-- com.qa.gorest.Tests.CreateUserTest -->
